<?xml version="1.0" encoding="UTF-8"?>
<testsuite xmlns:xsi="http://www.w3.org/2001/XMLSchema-instance" xsi:noNamespaceSchemaLocation="https://maven.apache.org/surefire/maven-surefire-plugin/xsd/surefire-test-report-3.0.xsd" version="3.0" name="com.example.processorservice.integration.ProcessorIntegrationTest" time="32.542" tests="1" errors="1" skipped="0" failures="0">
  <properties>
[...]
</properties>
  <testcase name="should consume, process, and produce an event" classname="com.example.processorservice.integration.ProcessorIntegrationTest" time="12.506">
    <error message="No records found for topic" type="java.lang.IllegalStateException"><![CDATA[java.lang.IllegalStateException: No records found for topic
	at org.springframework.kafka.test.utils.KafkaTestUtils.getSingleRecord(KafkaTestUtils.java:181)
	at com.example.processorservice.integration.ProcessorIntegrationTest.should consume, process, and produce an event(ProcessorIntegrationTest.kt:61)
	at java.base/java.lang.reflect.Method.invoke(Method.java:580)
	at java.base/java.util.ArrayList.forEach(ArrayList.java:1596)
	at java.base/java.util.ArrayList.forEach(ArrayList.java:1596)
]]></error>
    <system-out><![CDATA[21:11:32.944 [main] INFO org.testcontainers.images.PullPolicy -- Image pull policy will be performed by: DefaultPullPolicy()
21:11:32.952 [main] INFO org.testcontainers.utility.ImageNameSubstitutor -- Image name substitution will be performed by: DefaultImageNameSubstitutor (composite of 'ConfigurationFileImageNameSubstitutor' and 'PrefixingImageNameSubstitutor')
21:11:33.318 [main] INFO org.testcontainers.dockerclient.DockerClientProviderStrategy -- Loaded org.testcontainers.dockerclient.UnixSocketClientProviderStrategy from ~/.testcontainers.properties, will try it first
21:11:33.848 [main] INFO org.testcontainers.dockerclient.DockerClientProviderStrategy -- Found Docker environment with local Unix socket (unix:///var/run/docker.sock)
21:11:33.851 [main] INFO org.testcontainers.DockerClientFactory -- Docker host IP address is localhost
21:11:33.879 [main] INFO org.testcontainers.DockerClientFactory -- Connected to docker: 
  Server Version: 28.3.2
  API Version: 1.51
  Operating System: Ubuntu 25.04
  Total Memory: 7166 MB
21:11:33.920 [main] INFO tc.testcontainers/ryuk:0.7.0 -- Creating container for image: testcontainers/ryuk:0.7.0
21:11:33.929 [main] INFO org.testcontainers.utility.RegistryAuthLocator -- Failure when attempting to lookup auth config. Please ignore if you don't have images in an authenticated registry. Details: (dockerImageName: testcontainers/ryuk:0.7.0, configFile: /home/ubuntu/.docker/config.json, configEnv: DOCKER_AUTH_CONFIG). Falling back to docker-java default behaviour. Exception message: Status 404: No config supplied. Checked in order: /home/ubuntu/.docker/config.json (file not found), DOCKER_AUTH_CONFIG (not set)
21:11:34.577 [main] INFO tc.testcontainers/ryuk:0.7.0 -- Container testcontainers/ryuk:0.7.0 is starting: 61203c996a6fc7b4fdb26fcfa4ea7b2dea93d4eb32f50bcfa52db3451552c0b3
21:11:35.313 [main] INFO tc.testcontainers/ryuk:0.7.0 -- Container testcontainers/ryuk:0.7.0 started in PT1.392803904S
21:11:35.321 [main] INFO org.testcontainers.utility.RyukResourceReaper -- Ryuk started - will monitor and terminate Testcontainers containers on JVM exit
21:11:35.321 [main] INFO org.testcontainers.DockerClientFactory -- Checking the system...
21:11:35.322 [main] INFO org.testcontainers.DockerClientFactory -- ✔︎ Docker server version should be at least 1.6.0
21:11:35.324 [main] INFO tc.confluentinc/cp-kafka:7.6.0 -- Creating container for image: confluentinc/cp-kafka:7.6.0
21:11:35.391 [main] INFO tc.confluentinc/cp-kafka:7.6.0 -- Container confluentinc/cp-kafka:7.6.0 is starting: 8479aa3b75f5df7a960cf1e11574bdfaf8af45e2f0cb854838fc2e72f0db0751
21:11:46.473 [main] INFO tc.confluentinc/cp-kafka:7.6.0 -- Container confluentinc/cp-kafka:7.6.0 started in PT11.149707737S
21:11:46.711 [main] INFO org.springframework.test.context.support.AnnotationConfigContextLoaderUtils -- Could not detect default configuration classes for test class [com.example.processorservice.integration.ProcessorIntegrationTest]: ProcessorIntegrationTest does not declare any static, non-private, non-final, nested classes annotated with @Configuration.
21:11:46.979 [main] INFO org.springframework.boot.test.context.SpringBootTestContextBootstrapper -- Found @SpringBootConfiguration com.example.processorservice.ProcessorServiceApplication for test class com.example.processorservice.integration.ProcessorIntegrationTest

  .   ____          _            __ _ _
 /\\ / ___'_ __ _ _(_)_ __  __ _ \ \ \ \
( ( )\___ | '_ | '_| | '_ \/ _` | \ \ \ \
 \\/  ___)| |_)| | | | | || (_| |  ) ) ) )
  '  |____| .__|_| |_|_| |_\__, | / / / /
 =========|_|==============|___/=/_/_/_/

 :: Spring Boot ::                (v3.3.1)

2025-07-16T21:11:48.120+05:30  INFO 228809 --- [processor-service] [           main] c.e.p.i.ProcessorIntegrationTest         : Starting ProcessorIntegrationTest using Java 21.0.7 with PID 228809 (started by ubuntu in /home/ubuntu/Desktop/integration_test/processor-service)
2025-07-16T21:11:48.123+05:30  INFO 228809 --- [processor-service] [           main] c.e.p.i.ProcessorIntegrationTest         : No active profile set, falling back to 1 default profile: "default"
2025-07-16T21:11:49.281+05:30  INFO 228809 --- [processor-service] [           main] .s.d.r.c.RepositoryConfigurationDelegate : Bootstrapping Spring Data MongoDB repositories in DEFAULT mode.
2025-07-16T21:11:49.308+05:30  INFO 228809 --- [processor-service] [           main] .s.d.r.c.RepositoryConfigurationDelegate : Finished Spring Data repository scanning in 21 ms. Found 0 MongoDB repository interfaces.
2025-07-16T21:11:51.057+05:30  INFO 228809 --- [processor-service] [localhost:27017] org.mongodb.driver.cluster               : Exception in monitor thread while connecting to server localhost:27017

com.mongodb.MongoSocketOpenException: Exception opening socket
	at com.mongodb.internal.connection.SocketStream.lambda$open$0(SocketStream.java:86) ~[mongodb-driver-core-5.0.1.jar:na]
	at java.base/java.util.Optional.orElseThrow(Optional.java:403) ~[na:na]
	at com.mongodb.internal.connection.SocketStream.open(SocketStream.java:86) ~[mongodb-driver-core-5.0.1.jar:na]
	at com.mongodb.internal.connection.InternalStreamConnection.open(InternalStreamConnection.java:201) ~[mongodb-driver-core-5.0.1.jar:na]
	at com.mongodb.internal.connection.DefaultServerMonitor$ServerMonitorRunnable.lookupServerDescription(DefaultServerMonitor.java:193) ~[mongodb-driver-core-5.0.1.jar:na]
	at com.mongodb.internal.connection.DefaultServerMonitor$ServerMonitorRunnable.run(DefaultServerMonitor.java:153) ~[mongodb-driver-core-5.0.1.jar:na]
	at java.base/java.lang.Thread.run(Thread.java:1583) ~[na:na]
Caused by: java.net.ConnectException: Connection refused
	at java.base/sun.nio.ch.Net.pollConnect(Native Method) ~[na:na]
	at java.base/sun.nio.ch.Net.pollConnectNow(Net.java:682) ~[na:na]
	at java.base/sun.nio.ch.NioSocketImpl.timedFinishConnect(NioSocketImpl.java:542) ~[na:na]
	at java.base/sun.nio.ch.NioSocketImpl.connect(NioSocketImpl.java:592) ~[na:na]
	at java.base/java.net.SocksSocketImpl.connect(SocksSocketImpl.java:327) ~[na:na]
	at java.base/java.net.Socket.connect(Socket.java:751) ~[na:na]
	at com.mongodb.internal.connection.SocketStreamHelper.initialize(SocketStreamHelper.java:76) ~[mongodb-driver-core-5.0.1.jar:na]
	at com.mongodb.internal.connection.SocketStream.initializeSocket(SocketStream.java:105) ~[mongodb-driver-core-5.0.1.jar:na]
	at com.mongodb.internal.connection.SocketStream.open(SocketStream.java:80) ~[mongodb-driver-core-5.0.1.jar:na]
	... 4 common frames omitted

2025-07-16T21:11:51.069+05:30  INFO 228809 --- [processor-service] [           main] org.mongodb.driver.client                : MongoClient with metadata {"driver": {"name": "mongo-java-driver|sync|spring-boot", "version": "5.0.1"}, "os": {"type": "Linux", "name": "Linux", "architecture": "amd64", "version": "6.14.0-23-generic"}, "platform": "Java/Ubuntu/21.0.7+6-Ubuntu-0ubuntu125.04"} created with settings MongoClientSettings{readPreference=primary, writeConcern=WriteConcern{w=null, wTimeout=null ms, journal=null}, retryWrites=true, retryReads=true, readConcern=ReadConcern{level=null}, credential=null, transportSettings=null, commandListeners=[], codecRegistry=ProvidersCodecRegistry{codecProviders=[ValueCodecProvider{}, BsonValueCodecProvider{}, DBRefCodecProvider{}, DBObjectCodecProvider{}, DocumentCodecProvider{}, CollectionCodecProvider{}, IterableCodecProvider{}, MapCodecProvider{}, GeoJsonCodecProvider{}, GridFSFileCodecProvider{}, Jsr310CodecProvider{}, JsonObjectCodecProvider{}, BsonCodecProvider{}, EnumCodecProvider{}, com.mongodb.client.model.mql.ExpressionCodecProvider@67a38, com.mongodb.Jep395RecordCodecProvider@7ef4aceb, com.mongodb.KotlinCodecProvider@31b650e9]}, loggerSettings=LoggerSettings{maxDocumentLength=1000}, clusterSettings={hosts=[localhost:27017], srvServiceName=mongodb, mode=SINGLE, requiredClusterType=UNKNOWN, requiredReplicaSetName='null', serverSelector='null', clusterListeners='[]', serverSelectionTimeout='30000 ms', localThreshold='15 ms'}, socketSettings=SocketSettings{connectTimeoutMS=10000, readTimeoutMS=0, receiveBufferSize=0, proxySettings=ProxySettings{host=null, port=null, username=null, password=null}}, heartbeatSocketSettings=SocketSettings{connectTimeoutMS=10000, readTimeoutMS=10000, receiveBufferSize=0, proxySettings=ProxySettings{host=null, port=null, username=null, password=null}}, connectionPoolSettings=ConnectionPoolSettings{maxSize=100, minSize=0, maxWaitTimeMS=120000, maxConnectionLifeTimeMS=0, maxConnectionIdleTimeMS=0, maintenanceInitialDelayMS=0, maintenanceFrequencyMS=60000, connectionPoolListeners=[], maxConnecting=2}, serverSettings=ServerSettings{heartbeatFrequencyMS=10000, minHeartbeatFrequencyMS=500, serverListeners='[]', serverMonitorListeners='[]'}, sslSettings=SslSettings{enabled=false, invalidHostNameAllowed=false, context=null}, applicationName='null', compressorList=[], uuidRepresentation=JAVA_LEGACY, serverApi=null, autoEncryptionSettings=null, dnsClient=null, inetAddressResolver=null, contextProvider=null}
2025-07-16T21:11:51.660+05:30  INFO 228809 --- [processor-service] [           main] o.a.k.clients.consumer.ConsumerConfig    : ConsumerConfig values: 
	allow.auto.create.topics = true
	auto.commit.interval.ms = 5000
	auto.include.jmx.reporter = true
	auto.offset.reset = latest
	bootstrap.servers = [PLAINTEXT://localhost:32832]
	check.crcs = true
	client.dns.lookup = use_all_dns_ips
	client.id = consumer-processor-group-1
	client.rack = 
	connections.max.idle.ms = 540000
	default.api.timeout.ms = 60000
	enable.auto.commit = false
	enable.metrics.push = true
	exclude.internal.topics = true
	fetch.max.bytes = 52428800
	fetch.max.wait.ms = 500
	fetch.min.bytes = 1
	group.id = processor-group
	group.instance.id = null
	group.protocol = classic
	group.remote.assignor = null
	heartbeat.interval.ms = 3000
	interceptor.classes = []
	internal.leave.group.on.close = true
	internal.throw.on.fetch.stable.offset.unsupported = false
	isolation.level = read_uncommitted
	key.deserializer = class org.apache.kafka.common.serialization.StringDeserializer
	max.partition.fetch.bytes = 1048576
	max.poll.interval.ms = 300000
	max.poll.records = 500
	metadata.max.age.ms = 300000
	metric.reporters = []
	metrics.num.samples = 2
	metrics.recording.level = INFO
	metrics.sample.window.ms = 30000
	partition.assignment.strategy = [class org.apache.kafka.clients.consumer.RangeAssignor, class org.apache.kafka.clients.consumer.CooperativeStickyAssignor]
	receive.buffer.bytes = 65536
	reconnect.backoff.max.ms = 1000
	reconnect.backoff.ms = 50
	request.timeout.ms = 30000
	retry.backoff.max.ms = 1000
	retry.backoff.ms = 100
	sasl.client.callback.handler.class = null
	sasl.jaas.config = null
	sasl.kerberos.kinit.cmd = /usr/bin/kinit
	sasl.kerberos.min.time.before.relogin = 60000
	sasl.kerberos.service.name = null
	sasl.kerberos.ticket.renew.jitter = 0.05
	sasl.kerberos.ticket.renew.window.factor = 0.8
	sasl.login.callback.handler.class = null
	sasl.login.class = null
	sasl.login.connect.timeout.ms = null
	sasl.login.read.timeout.ms = null
	sasl.login.refresh.buffer.seconds = 300
	sasl.login.refresh.min.period.seconds = 60
	sasl.login.refresh.window.factor = 0.8
	sasl.login.refresh.window.jitter = 0.05
	sasl.login.retry.backoff.max.ms = 10000
	sasl.login.retry.backoff.ms = 100
	sasl.mechanism = GSSAPI
	sasl.oauthbearer.clock.skew.seconds = 30
	sasl.oauthbearer.expected.audience = null
	sasl.oauthbearer.expected.issuer = null
	sasl.oauthbearer.jwks.endpoint.refresh.ms = 3600000
	sasl.oauthbearer.jwks.endpoint.retry.backoff.max.ms = 10000
	sasl.oauthbearer.jwks.endpoint.retry.backoff.ms = 100
	sasl.oauthbearer.jwks.endpoint.url = null
	sasl.oauthbearer.scope.claim.name = scope
	sasl.oauthbearer.sub.claim.name = sub
	sasl.oauthbearer.token.endpoint.url = null
	security.protocol = PLAINTEXT
	security.providers = null
	send.buffer.bytes = 131072
	session.timeout.ms = 45000
	socket.connection.setup.timeout.max.ms = 30000
	socket.connection.setup.timeout.ms = 10000
	ssl.cipher.suites = null
	ssl.enabled.protocols = [TLSv1.2, TLSv1.3]
	ssl.endpoint.identification.algorithm = https
	ssl.engine.factory.class = null
	ssl.key.password = null
	ssl.keymanager.algorithm = SunX509
	ssl.keystore.certificate.chain = null
	ssl.keystore.key = null
	ssl.keystore.location = null
	ssl.keystore.password = null
	ssl.keystore.type = JKS
	ssl.protocol = TLSv1.3
	ssl.provider = null
	ssl.secure.random.implementation = null
	ssl.trustmanager.algorithm = PKIX
	ssl.truststore.certificates = null
	ssl.truststore.location = null
	ssl.truststore.password = null
	ssl.truststore.type = JKS
	value.deserializer = class org.springframework.kafka.support.serializer.JsonDeserializer

2025-07-16T21:11:51.746+05:30  INFO 228809 --- [processor-service] [           main] o.a.k.c.t.i.KafkaMetricsCollector        : initializing Kafka metrics collector
2025-07-16T21:11:52.102+05:30  INFO 228809 --- [processor-service] [           main] o.a.kafka.common.utils.AppInfoParser     : Kafka version: 3.7.0
2025-07-16T21:11:52.103+05:30  INFO 228809 --- [processor-service] [           main] o.a.kafka.common.utils.AppInfoParser     : Kafka commitId: 2ae524ed625438c5
2025-07-16T21:11:52.103+05:30  INFO 228809 --- [processor-service] [           main] o.a.kafka.common.utils.AppInfoParser     : Kafka startTimeMs: 1752680512100
2025-07-16T21:11:52.110+05:30  INFO 228809 --- [processor-service] [           main] o.a.k.c.c.internals.LegacyKafkaConsumer  : [Consumer clientId=consumer-processor-group-1, groupId=processor-group] Subscribed to topic(s): original-data-topic
2025-07-16T21:11:52.141+05:30  INFO 228809 --- [processor-service] [           main] c.e.p.i.ProcessorIntegrationTest         : Started ProcessorIntegrationTest in 4.602 seconds (process running for 20.448)
2025-07-16T21:11:53.199+05:30  WARN 228809 --- [processor-service] [ntainer#0-0-C-1] org.apache.kafka.clients.NetworkClient   : [Consumer clientId=consumer-processor-group-1, groupId=processor-group] Error while fetching metadata with correlation id 2 : {original-data-topic=LEADER_NOT_AVAILABLE}
2025-07-16T21:11:53.205+05:30  INFO 228809 --- [processor-service] [ntainer#0-0-C-1] org.apache.kafka.clients.Metadata        : [Consumer clientId=consumer-processor-group-1, groupId=processor-group] Cluster ID: Rws2lv7VRsydWydDVTHjyQ
2025-07-16T21:11:53.511+05:30  WARN 228809 --- [processor-service] [ntainer#0-0-C-1] org.apache.kafka.clients.NetworkClient   : [Consumer clientId=consumer-processor-group-1, groupId=processor-group] Error while fetching metadata with correlation id 5 : {original-data-topic=LEADER_NOT_AVAILABLE}
2025-07-16T21:11:54.138+05:30  INFO 228809 --- [processor-service] [           main] o.a.k.clients.consumer.ConsumerConfig    : ConsumerConfig values: 
	allow.auto.create.topics = true
	auto.commit.interval.ms = 5000
	auto.include.jmx.reporter = true
	auto.offset.reset = earliest
	bootstrap.servers = [PLAINTEXT://localhost:32832]
	check.crcs = true
	client.dns.lookup = use_all_dns_ips
	client.id = consumer-test-group-2
	client.rack = 
	connections.max.idle.ms = 540000
	default.api.timeout.ms = 60000
	enable.auto.commit = true
	enable.metrics.push = true
	exclude.internal.topics = true
	fetch.max.bytes = 52428800
	fetch.max.wait.ms = 500
	fetch.min.bytes = 1
	group.id = test-group
	group.instance.id = null
	group.protocol = classic
	group.remote.assignor = null
	heartbeat.interval.ms = 3000
	interceptor.classes = []
	internal.leave.group.on.close = true
	internal.throw.on.fetch.stable.offset.unsupported = false
	isolation.level = read_uncommitted
	key.deserializer = class org.apache.kafka.common.serialization.StringDeserializer
	max.partition.fetch.bytes = 1048576
	max.poll.interval.ms = 300000
	max.poll.records = 500
	metadata.max.age.ms = 300000
	metric.reporters = []
	metrics.num.samples = 2
	metrics.recording.level = INFO
	metrics.sample.window.ms = 30000
	partition.assignment.strategy = [class org.apache.kafka.clients.consumer.RangeAssignor, class org.apache.kafka.clients.consumer.CooperativeStickyAssignor]
	receive.buffer.bytes = 65536
	reconnect.backoff.max.ms = 1000
	reconnect.backoff.ms = 50
	request.timeout.ms = 30000
	retry.backoff.max.ms = 1000
	retry.backoff.ms = 100
	sasl.client.callback.handler.class = null
	sasl.jaas.config = null
	sasl.kerberos.kinit.cmd = /usr/bin/kinit
	sasl.kerberos.min.time.before.relogin = 60000
	sasl.kerberos.service.name = null
	sasl.kerberos.ticket.renew.jitter = 0.05
	sasl.kerberos.ticket.renew.window.factor = 0.8
	sasl.login.callback.handler.class = null
	sasl.login.class = null
	sasl.login.connect.timeout.ms = null
	sasl.login.read.timeout.ms = null
	sasl.login.refresh.buffer.seconds = 300
	sasl.login.refresh.min.period.seconds = 60
	sasl.login.refresh.window.factor = 0.8
	sasl.login.refresh.window.jitter = 0.05
	sasl.login.retry.backoff.max.ms = 10000
	sasl.login.retry.backoff.ms = 100
	sasl.mechanism = GSSAPI
	sasl.oauthbearer.clock.skew.seconds = 30
	sasl.oauthbearer.expected.audience = null
	sasl.oauthbearer.expected.issuer = null
	sasl.oauthbearer.jwks.endpoint.refresh.ms = 3600000
	sasl.oauthbearer.jwks.endpoint.retry.backoff.max.ms = 10000
	sasl.oauthbearer.jwks.endpoint.retry.backoff.ms = 100
	sasl.oauthbearer.jwks.endpoint.url = null
	sasl.oauthbearer.scope.claim.name = scope
	sasl.oauthbearer.sub.claim.name = sub
	sasl.oauthbearer.token.endpoint.url = null
	security.protocol = PLAINTEXT
	security.providers = null
	send.buffer.bytes = 131072
	session.timeout.ms = 45000
	socket.connection.setup.timeout.max.ms = 30000
	socket.connection.setup.timeout.ms = 10000
	ssl.cipher.suites = null
	ssl.enabled.protocols = [TLSv1.2, TLSv1.3]
	ssl.endpoint.identification.algorithm = https
	ssl.engine.factory.class = null
	ssl.key.password = null
	ssl.keymanager.algorithm = SunX509
	ssl.keystore.certificate.chain = null
	ssl.keystore.key = null
	ssl.keystore.location = null
	ssl.keystore.password = null
	ssl.keystore.type = JKS
	ssl.protocol = TLSv1.3
	ssl.provider = null
	ssl.secure.random.implementation = null
	ssl.trustmanager.algorithm = PKIX
	ssl.truststore.certificates = null
	ssl.truststore.location = null
	ssl.truststore.password = null
	ssl.truststore.type = JKS
	value.deserializer = class org.apache.kafka.common.serialization.StringDeserializer

2025-07-16T21:11:54.139+05:30  INFO 228809 --- [processor-service] [           main] o.a.k.c.t.i.KafkaMetricsCollector        : initializing Kafka metrics collector
2025-07-16T21:11:54.160+05:30  INFO 228809 --- [processor-service] [           main] o.a.kafka.common.utils.AppInfoParser     : Kafka version: 3.7.0
2025-07-16T21:11:54.160+05:30  INFO 228809 --- [processor-service] [           main] o.a.kafka.common.utils.AppInfoParser     : Kafka commitId: 2ae524ed625438c5
2025-07-16T21:11:54.160+05:30  INFO 228809 --- [processor-service] [           main] o.a.kafka.common.utils.AppInfoParser     : Kafka startTimeMs: 1752680514160
2025-07-16T21:11:54.161+05:30  INFO 228809 --- [processor-service] [           main] o.a.k.c.c.internals.LegacyKafkaConsumer  : [Consumer clientId=consumer-test-group-2, groupId=test-group] Subscribed to topic(s): processed-data-topic
2025-07-16T21:11:54.184+05:30  INFO 228809 --- [processor-service] [           main] o.a.k.clients.producer.ProducerConfig    : ProducerConfig values: 
	acks = -1
	auto.include.jmx.reporter = true
	batch.size = 16384
	bootstrap.servers = [PLAINTEXT://localhost:32832]
	buffer.memory = 33554432
	client.dns.lookup = use_all_dns_ips
	client.id = processor-service-producer-1
	compression.type = none
	connections.max.idle.ms = 540000
	delivery.timeout.ms = 120000
	enable.idempotence = true
	enable.metrics.push = true
	interceptor.classes = []
	key.serializer = class org.apache.kafka.common.serialization.StringSerializer
	linger.ms = 0
	max.block.ms = 60000
	max.in.flight.requests.per.connection = 5
	max.request.size = 1048576
	metadata.max.age.ms = 300000
	metadata.max.idle.ms = 300000
	metric.reporters = []
	metrics.num.samples = 2
	metrics.recording.level = INFO
	metrics.sample.window.ms = 30000
	partitioner.adaptive.partitioning.enable = true
	partitioner.availability.timeout.ms = 0
	partitioner.class = null
	partitioner.ignore.keys = false
	receive.buffer.bytes = 32768
	reconnect.backoff.max.ms = 1000
	reconnect.backoff.ms = 50
	request.timeout.ms = 30000
	retries = 2147483647
	retry.backoff.max.ms = 1000
	retry.backoff.ms = 100
	sasl.client.callback.handler.class = null
	sasl.jaas.config = null
	sasl.kerberos.kinit.cmd = /usr/bin/kinit
	sasl.kerberos.min.time.before.relogin = 60000
	sasl.kerberos.service.name = null
	sasl.kerberos.ticket.renew.jitter = 0.05
	sasl.kerberos.ticket.renew.window.factor = 0.8
	sasl.login.callback.handler.class = null
	sasl.login.class = null
	sasl.login.connect.timeout.ms = null
	sasl.login.read.timeout.ms = null
	sasl.login.refresh.buffer.seconds = 300
	sasl.login.refresh.min.period.seconds = 60
	sasl.login.refresh.window.factor = 0.8
	sasl.login.refresh.window.jitter = 0.05
	sasl.login.retry.backoff.max.ms = 10000
	sasl.login.retry.backoff.ms = 100
	sasl.mechanism = GSSAPI
	sasl.oauthbearer.clock.skew.seconds = 30
	sasl.oauthbearer.expected.audience = null
	sasl.oauthbearer.expected.issuer = null
	sasl.oauthbearer.jwks.endpoint.refresh.ms = 3600000
	sasl.oauthbearer.jwks.endpoint.retry.backoff.max.ms = 10000
	sasl.oauthbearer.jwks.endpoint.retry.backoff.ms = 100
	sasl.oauthbearer.jwks.endpoint.url = null
	sasl.oauthbearer.scope.claim.name = scope
	sasl.oauthbearer.sub.claim.name = sub
	sasl.oauthbearer.token.endpoint.url = null
	security.protocol = PLAINTEXT
	security.providers = null
	send.buffer.bytes = 131072
	socket.connection.setup.timeout.max.ms = 30000
	socket.connection.setup.timeout.ms = 10000
	ssl.cipher.suites = null
	ssl.enabled.protocols = [TLSv1.2, TLSv1.3]
	ssl.endpoint.identification.algorithm = https
	ssl.engine.factory.class = null
	ssl.key.password = null
	ssl.keymanager.algorithm = SunX509
	ssl.keystore.certificate.chain = null
	ssl.keystore.key = null
	ssl.keystore.location = null
	ssl.keystore.password = null
	ssl.keystore.type = JKS
	ssl.protocol = TLSv1.3
	ssl.provider = null
	ssl.secure.random.implementation = null
	ssl.trustmanager.algorithm = PKIX
	ssl.truststore.certificates = null
	ssl.truststore.location = null
	ssl.truststore.password = null
	ssl.truststore.type = JKS
	transaction.timeout.ms = 60000
	transactional.id = null
	value.serializer = class org.springframework.kafka.support.serializer.JsonSerializer

2025-07-16T21:11:54.186+05:30  INFO 228809 --- [processor-service] [           main] o.a.k.c.t.i.KafkaMetricsCollector        : initializing Kafka metrics collector
2025-07-16T21:11:54.201+05:30  INFO 228809 --- [processor-service] [           main] o.a.k.clients.producer.KafkaProducer     : [Producer clientId=processor-service-producer-1] Instantiated an idempotent producer.
2025-07-16T21:11:54.226+05:30  INFO 228809 --- [processor-service] [           main] o.a.kafka.common.utils.AppInfoParser     : Kafka version: 3.7.0
2025-07-16T21:11:54.226+05:30  INFO 228809 --- [processor-service] [           main] o.a.kafka.common.utils.AppInfoParser     : Kafka commitId: 2ae524ed625438c5
2025-07-16T21:11:54.227+05:30  INFO 228809 --- [processor-service] [           main] o.a.kafka.common.utils.AppInfoParser     : Kafka startTimeMs: 1752680514226
2025-07-16T21:11:54.251+05:30  INFO 228809 --- [processor-service] [vice-producer-1] org.apache.kafka.clients.Metadata        : [Producer clientId=processor-service-producer-1] Cluster ID: Rws2lv7VRsydWydDVTHjyQ
2025-07-16T21:11:54.304+05:30  INFO 228809 --- [processor-service] [ntainer#0-0-C-1] o.a.k.c.c.internals.ConsumerCoordinator  : [Consumer clientId=consumer-processor-group-1, groupId=processor-group] Discovered group coordinator localhost:32832 (id: 2147483646 rack: null)
2025-07-16T21:11:54.315+05:30  INFO 228809 --- [processor-service] [ntainer#0-0-C-1] o.a.k.c.c.internals.ConsumerCoordinator  : [Consumer clientId=consumer-processor-group-1, groupId=processor-group] (Re-)joining group
2025-07-16T21:11:54.401+05:30  INFO 228809 --- [processor-service] [vice-producer-1] o.a.k.c.p.internals.TransactionManager   : [Producer clientId=processor-service-producer-1] ProducerId set to 0 with epoch 0
2025-07-16T21:11:54.410+05:30  INFO 228809 --- [processor-service] [ntainer#0-0-C-1] o.a.k.c.c.internals.ConsumerCoordinator  : [Consumer clientId=consumer-processor-group-1, groupId=processor-group] Request joining group due to: need to re-join with the given member-id: consumer-processor-group-1-24047522-2d3d-459a-92b5-e9a068331e39
2025-07-16T21:11:54.411+05:30  INFO 228809 --- [processor-service] [ntainer#0-0-C-1] o.a.k.c.c.internals.ConsumerCoordinator  : [Consumer clientId=consumer-processor-group-1, groupId=processor-group] (Re-)joining group
2025-07-16T21:11:54.475+05:30  INFO 228809 --- [processor-service] [ntainer#0-0-C-1] o.a.k.c.c.internals.ConsumerCoordinator  : [Consumer clientId=consumer-processor-group-1, groupId=processor-group] Successfully joined group with generation Generation{generationId=1, memberId='consumer-processor-group-1-24047522-2d3d-459a-92b5-e9a068331e39', protocol='range'}
2025-07-16T21:11:54.496+05:30  INFO 228809 --- [processor-service] [ntainer#0-0-C-1] o.a.k.c.c.internals.ConsumerCoordinator  : [Consumer clientId=consumer-processor-group-1, groupId=processor-group] Finished assignment for group at generation 1: {consumer-processor-group-1-24047522-2d3d-459a-92b5-e9a068331e39=Assignment(partitions=[original-data-topic-0])}
2025-07-16T21:11:54.651+05:30  WARN 228809 --- [processor-service] [           main] org.apache.kafka.clients.NetworkClient   : [Consumer clientId=consumer-test-group-2, groupId=test-group] Error while fetching metadata with correlation id 2 : {processed-data-topic=LEADER_NOT_AVAILABLE}
2025-07-16T21:11:54.651+05:30  INFO 228809 --- [processor-service] [           main] org.apache.kafka.clients.Metadata        : [Consumer clientId=consumer-test-group-2, groupId=test-group] Cluster ID: Rws2lv7VRsydWydDVTHjyQ
2025-07-16T21:11:54.652+05:30  INFO 228809 --- [processor-service] [           main] o.a.k.c.c.internals.ConsumerCoordinator  : [Consumer clientId=consumer-test-group-2, groupId=test-group] Discovered group coordinator localhost:32832 (id: 2147483646 rack: null)
2025-07-16T21:11:54.697+05:30  INFO 228809 --- [processor-service] [           main] o.a.k.c.c.internals.ConsumerCoordinator  : [Consumer clientId=consumer-test-group-2, groupId=test-group] (Re-)joining group
2025-07-16T21:11:54.710+05:30  INFO 228809 --- [processor-service] [           main] o.a.k.c.c.internals.ConsumerCoordinator  : [Consumer clientId=consumer-test-group-2, groupId=test-group] Request joining group due to: need to re-join with the given member-id: consumer-test-group-2-c1519d09-048b-4d0b-a89f-5768595466b7
2025-07-16T21:11:54.711+05:30  INFO 228809 --- [processor-service] [           main] o.a.k.c.c.internals.ConsumerCoordinator  : [Consumer clientId=consumer-test-group-2, groupId=test-group] (Re-)joining group
2025-07-16T21:11:54.728+05:30  INFO 228809 --- [processor-service] [           main] o.a.k.c.c.internals.ConsumerCoordinator  : [Consumer clientId=consumer-test-group-2, groupId=test-group] Successfully joined group with generation Generation{generationId=1, memberId='consumer-test-group-2-c1519d09-048b-4d0b-a89f-5768595466b7', protocol='range'}
2025-07-16T21:11:54.731+05:30  INFO 228809 --- [processor-service] [ntainer#0-0-C-1] o.a.k.c.c.internals.ConsumerCoordinator  : [Consumer clientId=consumer-processor-group-1, groupId=processor-group] Successfully synced group in generation Generation{generationId=1, memberId='consumer-processor-group-1-24047522-2d3d-459a-92b5-e9a068331e39', protocol='range'}
2025-07-16T21:11:54.732+05:30  INFO 228809 --- [processor-service] [ntainer#0-0-C-1] o.a.k.c.c.internals.ConsumerCoordinator  : [Consumer clientId=consumer-processor-group-1, groupId=processor-group] Notifying assignor about the new Assignment(partitions=[original-data-topic-0])
2025-07-16T21:11:54.740+05:30  INFO 228809 --- [processor-service] [ntainer#0-0-C-1] k.c.c.i.ConsumerRebalanceListenerInvoker : [Consumer clientId=consumer-processor-group-1, groupId=processor-group] Adding newly assigned partitions: original-data-topic-0
2025-07-16T21:11:54.790+05:30  INFO 228809 --- [processor-service] [ntainer#0-0-C-1] o.a.k.c.c.internals.ConsumerCoordinator  : [Consumer clientId=consumer-processor-group-1, groupId=processor-group] Found no committed offset for partition original-data-topic-0
2025-07-16T21:11:54.793+05:30  INFO 228809 --- [processor-service] [           main] o.a.k.c.c.internals.ConsumerCoordinator  : [Consumer clientId=consumer-test-group-2, groupId=test-group] Finished assignment for group at generation 1: {consumer-test-group-2-c1519d09-048b-4d0b-a89f-5768595466b7=Assignment(partitions=[processed-data-topic-0])}
2025-07-16T21:11:54.805+05:30  INFO 228809 --- [processor-service] [           main] o.a.k.c.c.internals.ConsumerCoordinator  : [Consumer clientId=consumer-test-group-2, groupId=test-group] Successfully synced group in generation Generation{generationId=1, memberId='consumer-test-group-2-c1519d09-048b-4d0b-a89f-5768595466b7', protocol='range'}
2025-07-16T21:11:54.806+05:30  INFO 228809 --- [processor-service] [           main] o.a.k.c.c.internals.ConsumerCoordinator  : [Consumer clientId=consumer-test-group-2, groupId=test-group] Notifying assignor about the new Assignment(partitions=[processed-data-topic-0])
2025-07-16T21:11:54.806+05:30  INFO 228809 --- [processor-service] [           main] k.c.c.i.ConsumerRebalanceListenerInvoker : [Consumer clientId=consumer-test-group-2, groupId=test-group] Adding newly assigned partitions: processed-data-topic-0
2025-07-16T21:11:54.820+05:30  INFO 228809 --- [processor-service] [ntainer#0-0-C-1] o.a.k.c.c.internals.ConsumerCoordinator  : [Consumer clientId=consumer-processor-group-1, groupId=processor-group] Found no committed offset for partition original-data-topic-0
2025-07-16T21:11:54.826+05:30  INFO 228809 --- [processor-service] [           main] o.a.k.c.c.internals.ConsumerCoordinator  : [Consumer clientId=consumer-test-group-2, groupId=test-group] Found no committed offset for partition processed-data-topic-0
2025-07-16T21:11:54.867+05:30  INFO 228809 --- [processor-service] [           main] o.a.k.c.c.internals.SubscriptionState    : [Consumer clientId=consumer-test-group-2, groupId=test-group] Resetting offset for partition processed-data-topic-0 to position FetchPosition{offset=0, offsetEpoch=Optional.empty, currentLeader=LeaderAndEpoch{leader=Optional[localhost:32832 (id: 1 rack: null)], epoch=0}}.
2025-07-16T21:11:54.867+05:30  INFO 228809 --- [processor-service] [ntainer#0-0-C-1] o.a.k.c.c.internals.SubscriptionState    : [Consumer clientId=consumer-processor-group-1, groupId=processor-group] Resetting offset for partition original-data-topic-0 to position FetchPosition{offset=1, offsetEpoch=Optional.empty, currentLeader=LeaderAndEpoch{leader=Optional[localhost:32832 (id: 1 rack: null)], epoch=0}}.
2025-07-16T21:11:54.969+05:30  INFO 228809 --- [processor-service] [ntainer#0-0-C-1] o.s.k.l.KafkaMessageListenerContainer    : processor-group: partitions assigned: [original-data-topic-0]
2025-07-16T21:12:04.608+05:30  INFO 228809 --- [processor-service] [           main] k.c.c.i.ConsumerRebalanceListenerInvoker : [Consumer clientId=consumer-test-group-2, groupId=test-group] Revoke previously assigned partitions processed-data-topic-0
2025-07-16T21:12:04.608+05:30  INFO 228809 --- [processor-service] [           main] o.a.k.c.c.internals.ConsumerCoordinator  : [Consumer clientId=consumer-test-group-2, groupId=test-group] Member consumer-test-group-2-c1519d09-048b-4d0b-a89f-5768595466b7 sending LeaveGroup request to coordinator localhost:32832 (id: 2147483646 rack: null) due to the consumer is being closed
2025-07-16T21:12:04.616+05:30  INFO 228809 --- [processor-service] [           main] o.a.k.c.c.internals.ConsumerCoordinator  : [Consumer clientId=consumer-test-group-2, groupId=test-group] Resetting generation and member id due to: consumer pro-actively leaving the group
2025-07-16T21:12:04.617+05:30  INFO 228809 --- [processor-service] [           main] o.a.k.c.c.internals.ConsumerCoordinator  : [Consumer clientId=consumer-test-group-2, groupId=test-group] Request joining group due to: consumer pro-actively leaving the group
2025-07-16T21:12:04.660+05:30  INFO 228809 --- [processor-service] [           main] o.apache.kafka.common.metrics.Metrics    : Metrics scheduler closed
2025-07-16T21:12:04.661+05:30  INFO 228809 --- [processor-service] [           main] o.apache.kafka.common.metrics.Metrics    : Closing reporter org.apache.kafka.common.metrics.JmxReporter
2025-07-16T21:12:04.663+05:30  INFO 228809 --- [processor-service] [           main] o.apache.kafka.common.metrics.Metrics    : Closing reporter org.apache.kafka.common.telemetry.internals.ClientTelemetryReporter
2025-07-16T21:12:04.663+05:30  INFO 228809 --- [processor-service] [           main] o.apache.kafka.common.metrics.Metrics    : Metrics reporters closed
2025-07-16T21:12:04.690+05:30  INFO 228809 --- [processor-service] [           main] o.a.kafka.common.utils.AppInfoParser     : App info kafka.consumer for consumer-test-group-2 unregistered
]]></system-out>
    <system-err><![CDATA[WARNING: A Java agent has been loaded dynamically (/home/ubuntu/.m2/repository/net/bytebuddy/byte-buddy-agent/1.14.17/byte-buddy-agent-1.14.17.jar)
WARNING: If a serviceability tool is in use, please run with -XX:+EnableDynamicAgentLoading to hide this warning
WARNING: If a serviceability tool is not in use, please run with -Djdk.instrument.traceUsage for more information
WARNING: Dynamic loading of agents will be disallowed by default in a future release
]]></system-err>
  </testcase>
</testsuite>