<?xml version="1.0" encoding="UTF-8"?>
<testsuite xmlns:xsi="http://www.w3.org/2001/XMLSchema-instance" xsi:noNamespaceSchemaLocation="https://maven.apache.org/surefire/maven-surefire-plugin/xsd/surefire-test-report-3.0.xsd" version="3.0" name="com.example.processorservice.unit.EventProcessingListenerTest" time="3.506" tests="1" errors="0" skipped="0" failures="0">
  <properties>
[...]
</properties>
  <testcase name="handleEvent should process and send a new event" classname="com.example.processorservice.unit.EventProcessingListenerTest" time="2.352">
    <system-out><![CDATA[2025-07-16T21:12:05.487+05:30  INFO 228809 --- [processor-service] [vice-producer-1] org.apache.kafka.clients.NetworkClient   : [Producer clientId=processor-service-producer-1] Node 1 disconnected.
2025-07-16T21:12:05.494+05:30  WARN 228809 --- [processor-service] [vice-producer-1] org.apache.kafka.clients.NetworkClient   : [Producer clientId=processor-service-producer-1] Connection to node 1 (localhost/127.0.0.1:32832) could not be established. Node may not be available.
2025-07-16T21:12:05.649+05:30  INFO 228809 --- [processor-service] [ntainer#0-0-C-1] org.apache.kafka.clients.NetworkClient   : [Consumer clientId=consumer-processor-group-1, groupId=processor-group] Node 1 disconnected.
2025-07-16T21:12:05.650+05:30  WARN 228809 --- [processor-service] [ntainer#0-0-C-1] org.apache.kafka.clients.NetworkClient   : [Consumer clientId=consumer-processor-group-1, groupId=processor-group] Connection to node 1 (localhost/127.0.0.1:32832) could not be established. Node may not be available.
2025-07-16T21:12:05.949+05:30  INFO 228809 --- [processor-service] [vice-producer-1] org.apache.kafka.clients.NetworkClient   : [Producer clientId=processor-service-producer-1] Node 1 disconnected.
2025-07-16T21:12:05.950+05:30  WARN 228809 --- [processor-service] [vice-producer-1] org.apache.kafka.clients.NetworkClient   : [Producer clientId=processor-service-producer-1] Connection to node 1 (localhost/127.0.0.1:32832) could not be established. Node may not be available.
2025-07-16T21:12:06.160+05:30  INFO 228809 --- [processor-service] [ntainer#0-0-C-1] org.apache.kafka.clients.NetworkClient   : [Consumer clientId=consumer-processor-group-1, groupId=processor-group] Node 1 disconnected.
2025-07-16T21:12:06.160+05:30  WARN 228809 --- [processor-service] [ntainer#0-0-C-1] org.apache.kafka.clients.NetworkClient   : [Consumer clientId=consumer-processor-group-1, groupId=processor-group] Connection to node 1 (localhost/127.0.0.1:32832) could not be established. Node may not be available.
2025-07-16T21:12:06.838+05:30  INFO 228809 --- [processor-service] [vice-producer-1] org.apache.kafka.clients.NetworkClient   : [Producer clientId=processor-service-producer-1] Node 1 disconnected.
2025-07-16T21:12:06.842+05:30  WARN 228809 --- [processor-service] [vice-producer-1] org.apache.kafka.clients.NetworkClient   : [Producer clientId=processor-service-producer-1] Connection to node 1 (localhost/127.0.0.1:32832) could not be established. Node may not be available.
2025-07-16T21:12:07.008+05:30  INFO 228809 --- [processor-service] [ntainer#0-0-C-1] org.apache.kafka.clients.NetworkClient   : [Consumer clientId=consumer-processor-group-1, groupId=processor-group] Node 1 disconnected.
2025-07-16T21:12:07.008+05:30  WARN 228809 --- [processor-service] [ntainer#0-0-C-1] org.apache.kafka.clients.NetworkClient   : [Consumer clientId=consumer-processor-group-1, groupId=processor-group] Connection to node 1 (localhost/127.0.0.1:32832) could not be established. Node may not be available.
2025-07-16T21:12:07.840+05:30  INFO 228809 --- [processor-service] [vice-producer-1] org.apache.kafka.clients.NetworkClient   : [Producer clientId=processor-service-producer-1] Node 1 disconnected.
2025-07-16T21:12:07.840+05:30  WARN 228809 --- [processor-service] [vice-producer-1] org.apache.kafka.clients.NetworkClient   : [Producer clientId=processor-service-producer-1] Connection to node 1 (localhost/127.0.0.1:32832) could not be established. Node may not be available.
2025-07-16T21:12:07.989+05:30  INFO 228809 --- [processor-service] [ntainer#0-0-C-1] org.apache.kafka.clients.NetworkClient   : [Consumer clientId=consumer-processor-group-1, groupId=processor-group] Node 1 disconnected.
2025-07-16T21:12:07.989+05:30  WARN 228809 --- [processor-service] [ntainer#0-0-C-1] org.apache.kafka.clients.NetworkClient   : [Consumer clientId=consumer-processor-group-1, groupId=processor-group] Connection to node 1 (localhost/127.0.0.1:32832) could not be established. Node may not be available.
2025-07-16T21:12:08.844+05:30  INFO 228809 --- [processor-service] [vice-producer-1] org.apache.kafka.clients.NetworkClient   : [Producer clientId=processor-service-producer-1] Node 1 disconnected.
2025-07-16T21:12:08.844+05:30  WARN 228809 --- [processor-service] [vice-producer-1] org.apache.kafka.clients.NetworkClient   : [Producer clientId=processor-service-producer-1] Connection to node 1 (localhost/127.0.0.1:32832) could not be established. Node may not be available.
Processing event: DataEvent(id=123, content=original, timestamp=1, processed=false, processedBy=null)
Publishing processed event: DataEvent(id=123, content=original, timestamp=1, processed=true, processedBy=processor-service)
]]></system-out>
  </testcase>
</testsuite>