<?xml version="1.0" encoding="UTF-8"?>
<testsuite xmlns:xsi="http://www.w3.org/2001/XMLSchema-instance" xsi:noNamespaceSchemaLocation="https://maven.apache.org/surefire/maven-surefire-plugin/xsd/surefire-test-report-3.0.xsd" version="3.0" name="com.example.producerservice.integration.EventProducerIntegrationTest" time="27.439" tests="1" errors="0" skipped="0" failures="0">
  <properties>
[...]
</properties>
  <testcase name="POST events should produce a message to Kafka" classname="com.example.producerservice.integration.EventProducerIntegrationTest" time="5.439">
    <system-out><![CDATA[21:10:57.185 [main] INFO org.testcontainers.images.PullPolicy -- Image pull policy will be performed by: DefaultPullPolicy()
21:10:57.203 [main] INFO org.testcontainers.utility.ImageNameSubstitutor -- Image name substitution will be performed by: DefaultImageNameSubstitutor (composite of 'ConfigurationFileImageNameSubstitutor' and 'PrefixingImageNameSubstitutor')
21:10:57.601 [main] INFO org.testcontainers.dockerclient.DockerClientProviderStrategy -- Loaded org.testcontainers.dockerclient.UnixSocketClientProviderStrategy from ~/.testcontainers.properties, will try it first
21:10:58.247 [main] INFO org.testcontainers.dockerclient.DockerClientProviderStrategy -- Found Docker environment with local Unix socket (unix:///var/run/docker.sock)
21:10:58.249 [main] INFO org.testcontainers.DockerClientFactory -- Docker host IP address is localhost
21:10:58.276 [main] INFO org.testcontainers.DockerClientFactory -- Connected to docker: 
  Server Version: 28.3.2
  API Version: 1.51
  Operating System: Ubuntu 25.04
  Total Memory: 7166 MB
21:10:58.325 [main] INFO tc.testcontainers/ryuk:0.7.0 -- Creating container for image: testcontainers/ryuk:0.7.0
21:10:58.337 [main] INFO org.testcontainers.utility.RegistryAuthLocator -- Failure when attempting to lookup auth config. Please ignore if you don't have images in an authenticated registry. Details: (dockerImageName: testcontainers/ryuk:0.7.0, configFile: /home/ubuntu/.docker/config.json, configEnv: DOCKER_AUTH_CONFIG). Falling back to docker-java default behaviour. Exception message: Status 404: No config supplied. Checked in order: /home/ubuntu/.docker/config.json (file not found), DOCKER_AUTH_CONFIG (not set)
21:10:58.673 [main] INFO tc.testcontainers/ryuk:0.7.0 -- Container testcontainers/ryuk:0.7.0 is starting: 78f21fc684318d70b38d40aef03b3c9023fbecc8cdaab0b52c8e0201f53caf26
21:10:59.560 [main] INFO tc.testcontainers/ryuk:0.7.0 -- Container testcontainers/ryuk:0.7.0 started in PT1.234923057S
21:10:59.579 [main] INFO org.testcontainers.utility.RyukResourceReaper -- Ryuk started - will monitor and terminate Testcontainers containers on JVM exit
21:10:59.583 [main] INFO org.testcontainers.DockerClientFactory -- Checking the system...
21:10:59.584 [main] INFO org.testcontainers.DockerClientFactory -- ✔︎ Docker server version should be at least 1.6.0
21:10:59.592 [main] INFO tc.confluentinc/cp-kafka:7.6.0 -- Creating container for image: confluentinc/cp-kafka:7.6.0
21:10:59.684 [main] INFO tc.confluentinc/cp-kafka:7.6.0 -- Container confluentinc/cp-kafka:7.6.0 is starting: 1f90c9b7cefdae7eece8fc7f154d8abd1f02ec4b64ba3af175941b77cb229098
21:11:14.219 [main] INFO tc.confluentinc/cp-kafka:7.6.0 -- Container confluentinc/cp-kafka:7.6.0 started in PT14.626112861S
21:11:14.438 [main] INFO org.springframework.test.context.support.AnnotationConfigContextLoaderUtils -- Could not detect default configuration classes for test class [com.example.producerservice.integration.EventProducerIntegrationTest]: EventProducerIntegrationTest does not declare any static, non-private, non-final, nested classes annotated with @Configuration.
21:11:14.689 [main] INFO org.springframework.boot.test.context.SpringBootTestContextBootstrapper -- Found @SpringBootConfiguration com.example.producerservice.ProducerServiceApplication for test class com.example.producerservice.integration.EventProducerIntegrationTest

  .   ____          _            __ _ _
 /\\ / ___'_ __ _ _(_)_ __  __ _ \ \ \ \
( ( )\___ | '_ | '_| | '_ \/ _` | \ \ \ \
 \\/  ___)| |_)| | | | | || (_| |  ) ) ) )
  '  |____| .__|_| |_|_| |_\__, | / / / /
 =========|_|==============|___/=/_/_/_/

 :: Spring Boot ::                (v3.3.1)

2025-07-16T21:11:16.006+05:30  INFO 227732 --- [producer-service] [           main] c.e.p.i.EventProducerIntegrationTest     : Starting EventProducerIntegrationTest using Java 21.0.7 with PID 227732 (started by ubuntu in /home/ubuntu/Desktop/integration_test/producer-service)
2025-07-16T21:11:16.009+05:30  INFO 227732 --- [producer-service] [           main] c.e.p.i.EventProducerIntegrationTest     : No active profile set, falling back to 1 default profile: "default"
2025-07-16T21:11:18.482+05:30  INFO 227732 --- [producer-service] [           main] o.s.b.t.m.w.SpringBootMockServletContext : Initializing Spring TestDispatcherServlet ''
2025-07-16T21:11:18.483+05:30  INFO 227732 --- [producer-service] [           main] o.s.t.web.servlet.TestDispatcherServlet  : Initializing Servlet ''
2025-07-16T21:11:18.485+05:30  INFO 227732 --- [producer-service] [           main] o.s.t.web.servlet.TestDispatcherServlet  : Completed initialization in 1 ms
2025-07-16T21:11:18.517+05:30  INFO 227732 --- [producer-service] [           main] c.e.p.i.EventProducerIntegrationTest     : Started EventProducerIntegrationTest in 3.076 seconds (process running for 23.552)
2025-07-16T21:11:20.209+05:30  INFO 227732 --- [producer-service] [           main] o.a.k.clients.consumer.ConsumerConfig    : ConsumerConfig values: 
	allow.auto.create.topics = true
	auto.commit.interval.ms = 5000
	auto.include.jmx.reporter = true
	auto.offset.reset = earliest
	bootstrap.servers = [PLAINTEXT://localhost:32829]
	check.crcs = true
	client.dns.lookup = use_all_dns_ips
	client.id = consumer-test-group-1
	client.rack = 
	connections.max.idle.ms = 540000
	default.api.timeout.ms = 60000
	enable.auto.commit = true
	enable.metrics.push = true
	exclude.internal.topics = true
	fetch.max.bytes = 52428800
	fetch.max.wait.ms = 500
	fetch.min.bytes = 1
	group.id = test-group
	group.instance.id = null
	group.protocol = classic
	group.remote.assignor = null
	heartbeat.interval.ms = 3000
	interceptor.classes = []
	internal.leave.group.on.close = true
	internal.throw.on.fetch.stable.offset.unsupported = false
	isolation.level = read_uncommitted
	key.deserializer = class org.apache.kafka.common.serialization.StringDeserializer
	max.partition.fetch.bytes = 1048576
	max.poll.interval.ms = 300000
	max.poll.records = 500
	metadata.max.age.ms = 300000
	metric.reporters = []
	metrics.num.samples = 2
	metrics.recording.level = INFO
	metrics.sample.window.ms = 30000
	partition.assignment.strategy = [class org.apache.kafka.clients.consumer.RangeAssignor, class org.apache.kafka.clients.consumer.CooperativeStickyAssignor]
	receive.buffer.bytes = 65536
	reconnect.backoff.max.ms = 1000
	reconnect.backoff.ms = 50
	request.timeout.ms = 30000
	retry.backoff.max.ms = 1000
	retry.backoff.ms = 100
	sasl.client.callback.handler.class = null
	sasl.jaas.config = null
	sasl.kerberos.kinit.cmd = /usr/bin/kinit
	sasl.kerberos.min.time.before.relogin = 60000
	sasl.kerberos.service.name = null
	sasl.kerberos.ticket.renew.jitter = 0.05
	sasl.kerberos.ticket.renew.window.factor = 0.8
	sasl.login.callback.handler.class = null
	sasl.login.class = null
	sasl.login.connect.timeout.ms = null
	sasl.login.read.timeout.ms = null
	sasl.login.refresh.buffer.seconds = 300
	sasl.login.refresh.min.period.seconds = 60
	sasl.login.refresh.window.factor = 0.8
	sasl.login.refresh.window.jitter = 0.05
	sasl.login.retry.backoff.max.ms = 10000
	sasl.login.retry.backoff.ms = 100
	sasl.mechanism = GSSAPI
	sasl.oauthbearer.clock.skew.seconds = 30
	sasl.oauthbearer.expected.audience = null
	sasl.oauthbearer.expected.issuer = null
	sasl.oauthbearer.jwks.endpoint.refresh.ms = 3600000
	sasl.oauthbearer.jwks.endpoint.retry.backoff.max.ms = 10000
	sasl.oauthbearer.jwks.endpoint.retry.backoff.ms = 100
	sasl.oauthbearer.jwks.endpoint.url = null
	sasl.oauthbearer.scope.claim.name = scope
	sasl.oauthbearer.sub.claim.name = sub
	sasl.oauthbearer.token.endpoint.url = null
	security.protocol = PLAINTEXT
	security.providers = null
	send.buffer.bytes = 131072
	session.timeout.ms = 45000
	socket.connection.setup.timeout.max.ms = 30000
	socket.connection.setup.timeout.ms = 10000
	ssl.cipher.suites = null
	ssl.enabled.protocols = [TLSv1.2, TLSv1.3]
	ssl.endpoint.identification.algorithm = https
	ssl.engine.factory.class = null
	ssl.key.password = null
	ssl.keymanager.algorithm = SunX509
	ssl.keystore.certificate.chain = null
	ssl.keystore.key = null
	ssl.keystore.location = null
	ssl.keystore.password = null
	ssl.keystore.type = JKS
	ssl.protocol = TLSv1.3
	ssl.provider = null
	ssl.secure.random.implementation = null
	ssl.trustmanager.algorithm = PKIX
	ssl.truststore.certificates = null
	ssl.truststore.location = null
	ssl.truststore.password = null
	ssl.truststore.type = JKS
	value.deserializer = class org.apache.kafka.common.serialization.StringDeserializer

2025-07-16T21:11:20.269+05:30  INFO 227732 --- [producer-service] [           main] o.a.k.c.t.i.KafkaMetricsCollector        : initializing Kafka metrics collector
2025-07-16T21:11:20.633+05:30  INFO 227732 --- [producer-service] [           main] o.a.kafka.common.utils.AppInfoParser     : Kafka version: 3.7.0
2025-07-16T21:11:20.634+05:30  INFO 227732 --- [producer-service] [           main] o.a.kafka.common.utils.AppInfoParser     : Kafka commitId: 2ae524ed625438c5
2025-07-16T21:11:20.635+05:30  INFO 227732 --- [producer-service] [           main] o.a.kafka.common.utils.AppInfoParser     : Kafka startTimeMs: 1752680480631
2025-07-16T21:11:20.639+05:30  INFO 227732 --- [producer-service] [           main] o.a.k.c.c.internals.LegacyKafkaConsumer  : [Consumer clientId=consumer-test-group-1, groupId=test-group] Subscribed to topic(s): original-data-topic
Producing event: DataEvent(id=3e2399e5-83c0-4efb-ba96-a82bc6446174, content=hello integration test, timestamp=1752680481000)
2025-07-16T21:11:21.032+05:30  INFO 227732 --- [producer-service] [           main] o.a.k.clients.producer.ProducerConfig    : ProducerConfig values: 
	acks = -1
	auto.include.jmx.reporter = true
	batch.size = 16384
	bootstrap.servers = [PLAINTEXT://localhost:32829]
	buffer.memory = 33554432
	client.dns.lookup = use_all_dns_ips
	client.id = producer-service-producer-1
	compression.type = none
	connections.max.idle.ms = 540000
	delivery.timeout.ms = 120000
	enable.idempotence = true
	enable.metrics.push = true
	interceptor.classes = []
	key.serializer = class org.apache.kafka.common.serialization.StringSerializer
	linger.ms = 0
	max.block.ms = 60000
	max.in.flight.requests.per.connection = 5
	max.request.size = 1048576
	metadata.max.age.ms = 300000
	metadata.max.idle.ms = 300000
	metric.reporters = []
	metrics.num.samples = 2
	metrics.recording.level = INFO
	metrics.sample.window.ms = 30000
	partitioner.adaptive.partitioning.enable = true
	partitioner.availability.timeout.ms = 0
	partitioner.class = null
	partitioner.ignore.keys = false
	receive.buffer.bytes = 32768
	reconnect.backoff.max.ms = 1000
	reconnect.backoff.ms = 50
	request.timeout.ms = 30000
	retries = 2147483647
	retry.backoff.max.ms = 1000
	retry.backoff.ms = 100
	sasl.client.callback.handler.class = null
	sasl.jaas.config = null
	sasl.kerberos.kinit.cmd = /usr/bin/kinit
	sasl.kerberos.min.time.before.relogin = 60000
	sasl.kerberos.service.name = null
	sasl.kerberos.ticket.renew.jitter = 0.05
	sasl.kerberos.ticket.renew.window.factor = 0.8
	sasl.login.callback.handler.class = null
	sasl.login.class = null
	sasl.login.connect.timeout.ms = null
	sasl.login.read.timeout.ms = null
	sasl.login.refresh.buffer.seconds = 300
	sasl.login.refresh.min.period.seconds = 60
	sasl.login.refresh.window.factor = 0.8
	sasl.login.refresh.window.jitter = 0.05
	sasl.login.retry.backoff.max.ms = 10000
	sasl.login.retry.backoff.ms = 100
	sasl.mechanism = GSSAPI
	sasl.oauthbearer.clock.skew.seconds = 30
	sasl.oauthbearer.expected.audience = null
	sasl.oauthbearer.expected.issuer = null
	sasl.oauthbearer.jwks.endpoint.refresh.ms = 3600000
	sasl.oauthbearer.jwks.endpoint.retry.backoff.max.ms = 10000
	sasl.oauthbearer.jwks.endpoint.retry.backoff.ms = 100
	sasl.oauthbearer.jwks.endpoint.url = null
	sasl.oauthbearer.scope.claim.name = scope
	sasl.oauthbearer.sub.claim.name = sub
	sasl.oauthbearer.token.endpoint.url = null
	security.protocol = PLAINTEXT
	security.providers = null
	send.buffer.bytes = 131072
	socket.connection.setup.timeout.max.ms = 30000
	socket.connection.setup.timeout.ms = 10000
	ssl.cipher.suites = null
	ssl.enabled.protocols = [TLSv1.2, TLSv1.3]
	ssl.endpoint.identification.algorithm = https
	ssl.engine.factory.class = null
	ssl.key.password = null
	ssl.keymanager.algorithm = SunX509
	ssl.keystore.certificate.chain = null
	ssl.keystore.key = null
	ssl.keystore.location = null
	ssl.keystore.password = null
	ssl.keystore.type = JKS
	ssl.protocol = TLSv1.3
	ssl.provider = null
	ssl.secure.random.implementation = null
	ssl.trustmanager.algorithm = PKIX
	ssl.truststore.certificates = null
	ssl.truststore.location = null
	ssl.truststore.password = null
	ssl.truststore.type = JKS
	transaction.timeout.ms = 60000
	transactional.id = null
	value.serializer = class org.springframework.kafka.support.serializer.JsonSerializer

2025-07-16T21:11:21.035+05:30  INFO 227732 --- [producer-service] [           main] o.a.k.c.t.i.KafkaMetricsCollector        : initializing Kafka metrics collector
2025-07-16T21:11:21.060+05:30  INFO 227732 --- [producer-service] [           main] o.a.k.clients.producer.KafkaProducer     : [Producer clientId=producer-service-producer-1] Instantiated an idempotent producer.
2025-07-16T21:11:21.096+05:30  INFO 227732 --- [producer-service] [           main] o.a.kafka.common.utils.AppInfoParser     : Kafka version: 3.7.0
2025-07-16T21:11:21.096+05:30  INFO 227732 --- [producer-service] [           main] o.a.kafka.common.utils.AppInfoParser     : Kafka commitId: 2ae524ed625438c5
2025-07-16T21:11:21.096+05:30  INFO 227732 --- [producer-service] [           main] o.a.kafka.common.utils.AppInfoParser     : Kafka startTimeMs: 1752680481096
2025-07-16T21:11:21.792+05:30  WARN 227732 --- [producer-service] [vice-producer-1] org.apache.kafka.clients.NetworkClient   : [Producer clientId=producer-service-producer-1] Error while fetching metadata with correlation id 1 : {original-data-topic=LEADER_NOT_AVAILABLE}
2025-07-16T21:11:21.804+05:30  INFO 227732 --- [producer-service] [vice-producer-1] org.apache.kafka.clients.Metadata        : [Producer clientId=producer-service-producer-1] Cluster ID: eS0N2O-BQxmS9f38YnGV5g
2025-07-16T21:11:21.987+05:30  WARN 227732 --- [producer-service] [vice-producer-1] org.apache.kafka.clients.NetworkClient   : [Producer clientId=producer-service-producer-1] Error while fetching metadata with correlation id 5 : {original-data-topic=LEADER_NOT_AVAILABLE}
2025-07-16T21:11:22.094+05:30  INFO 227732 --- [producer-service] [vice-producer-1] o.a.k.c.p.internals.TransactionManager   : [Producer clientId=producer-service-producer-1] ProducerId set to 0 with epoch 0
2025-07-16T21:11:22.209+05:30  WARN 227732 --- [producer-service] [vice-producer-1] org.apache.kafka.clients.NetworkClient   : [Producer clientId=producer-service-producer-1] Error while fetching metadata with correlation id 8 : {original-data-topic=LEADER_NOT_AVAILABLE}
2025-07-16T21:11:22.729+05:30  INFO 227732 --- [producer-service] [           main] org.apache.kafka.clients.Metadata        : [Consumer clientId=consumer-test-group-1, groupId=test-group] Cluster ID: eS0N2O-BQxmS9f38YnGV5g
2025-07-16T21:11:22.932+05:30  INFO 227732 --- [producer-service] [           main] o.a.k.c.c.internals.ConsumerCoordinator  : [Consumer clientId=consumer-test-group-1, groupId=test-group] Discovered group coordinator localhost:32829 (id: 2147483646 rack: null)
2025-07-16T21:11:22.947+05:30  INFO 227732 --- [producer-service] [           main] o.a.k.c.c.internals.ConsumerCoordinator  : [Consumer clientId=consumer-test-group-1, groupId=test-group] (Re-)joining group
2025-07-16T21:11:23.006+05:30  INFO 227732 --- [producer-service] [           main] o.a.k.c.c.internals.ConsumerCoordinator  : [Consumer clientId=consumer-test-group-1, groupId=test-group] Request joining group due to: need to re-join with the given member-id: consumer-test-group-1-d50d09fe-6d9d-4ad5-ae94-006da1c8b7be
2025-07-16T21:11:23.007+05:30  INFO 227732 --- [producer-service] [           main] o.a.k.c.c.internals.ConsumerCoordinator  : [Consumer clientId=consumer-test-group-1, groupId=test-group] (Re-)joining group
2025-07-16T21:11:23.051+05:30  INFO 227732 --- [producer-service] [           main] o.a.k.c.c.internals.ConsumerCoordinator  : [Consumer clientId=consumer-test-group-1, groupId=test-group] Successfully joined group with generation Generation{generationId=1, memberId='consumer-test-group-1-d50d09fe-6d9d-4ad5-ae94-006da1c8b7be', protocol='range'}
2025-07-16T21:11:23.099+05:30  INFO 227732 --- [producer-service] [           main] o.a.k.c.c.internals.ConsumerCoordinator  : [Consumer clientId=consumer-test-group-1, groupId=test-group] Finished assignment for group at generation 1: {consumer-test-group-1-d50d09fe-6d9d-4ad5-ae94-006da1c8b7be=Assignment(partitions=[original-data-topic-0])}
2025-07-16T21:11:23.153+05:30  INFO 227732 --- [producer-service] [           main] o.a.k.c.c.internals.ConsumerCoordinator  : [Consumer clientId=consumer-test-group-1, groupId=test-group] Successfully synced group in generation Generation{generationId=1, memberId='consumer-test-group-1-d50d09fe-6d9d-4ad5-ae94-006da1c8b7be', protocol='range'}
2025-07-16T21:11:23.157+05:30  INFO 227732 --- [producer-service] [           main] o.a.k.c.c.internals.ConsumerCoordinator  : [Consumer clientId=consumer-test-group-1, groupId=test-group] Notifying assignor about the new Assignment(partitions=[original-data-topic-0])
2025-07-16T21:11:23.165+05:30  INFO 227732 --- [producer-service] [           main] k.c.c.i.ConsumerRebalanceListenerInvoker : [Consumer clientId=consumer-test-group-1, groupId=test-group] Adding newly assigned partitions: original-data-topic-0
2025-07-16T21:11:23.201+05:30  INFO 227732 --- [producer-service] [           main] o.a.k.c.c.internals.ConsumerCoordinator  : [Consumer clientId=consumer-test-group-1, groupId=test-group] Found no committed offset for partition original-data-topic-0
2025-07-16T21:11:23.244+05:30  INFO 227732 --- [producer-service] [           main] o.a.k.c.c.internals.SubscriptionState    : [Consumer clientId=consumer-test-group-1, groupId=test-group] Resetting offset for partition original-data-topic-0 to position FetchPosition{offset=0, offsetEpoch=Optional.empty, currentLeader=LeaderAndEpoch{leader=Optional[localhost:32829 (id: 1 rack: null)], epoch=0}}.
2025-07-16T21:11:23.574+05:30  INFO 227732 --- [producer-service] [           main] k.c.c.i.ConsumerRebalanceListenerInvoker : [Consumer clientId=consumer-test-group-1, groupId=test-group] Revoke previously assigned partitions original-data-topic-0
2025-07-16T21:11:23.575+05:30  INFO 227732 --- [producer-service] [           main] o.a.k.c.c.internals.ConsumerCoordinator  : [Consumer clientId=consumer-test-group-1, groupId=test-group] Member consumer-test-group-1-d50d09fe-6d9d-4ad5-ae94-006da1c8b7be sending LeaveGroup request to coordinator localhost:32829 (id: 2147483646 rack: null) due to the consumer is being closed
2025-07-16T21:11:23.582+05:30  INFO 227732 --- [producer-service] [           main] o.a.k.c.c.internals.ConsumerCoordinator  : [Consumer clientId=consumer-test-group-1, groupId=test-group] Resetting generation and member id due to: consumer pro-actively leaving the group
2025-07-16T21:11:23.583+05:30  INFO 227732 --- [producer-service] [           main] o.a.k.c.c.internals.ConsumerCoordinator  : [Consumer clientId=consumer-test-group-1, groupId=test-group] Request joining group due to: consumer pro-actively leaving the group
2025-07-16T21:11:23.947+05:30  INFO 227732 --- [producer-service] [           main] o.apache.kafka.common.metrics.Metrics    : Metrics scheduler closed
2025-07-16T21:11:23.948+05:30  INFO 227732 --- [producer-service] [           main] o.apache.kafka.common.metrics.Metrics    : Closing reporter org.apache.kafka.common.metrics.JmxReporter
2025-07-16T21:11:23.949+05:30  INFO 227732 --- [producer-service] [           main] o.apache.kafka.common.metrics.Metrics    : Closing reporter org.apache.kafka.common.telemetry.internals.ClientTelemetryReporter
2025-07-16T21:11:23.949+05:30  INFO 227732 --- [producer-service] [           main] o.apache.kafka.common.metrics.Metrics    : Metrics reporters closed
2025-07-16T21:11:23.968+05:30  INFO 227732 --- [producer-service] [           main] o.a.kafka.common.utils.AppInfoParser     : App info kafka.consumer for consumer-test-group-1 unregistered
]]></system-out>
    <system-err><![CDATA[WARNING: A Java agent has been loaded dynamically (/home/ubuntu/.m2/repository/net/bytebuddy/byte-buddy-agent/1.14.17/byte-buddy-agent-1.14.17.jar)
WARNING: If a serviceability tool is in use, please run with -XX:+EnableDynamicAgentLoading to hide this warning
WARNING: If a serviceability tool is not in use, please run with -Djdk.instrument.traceUsage for more information
WARNING: Dynamic loading of agents will be disallowed by default in a future release
]]></system-err>
  </testcase>
</testsuite>