<?xml version="1.0" encoding="UTF-8"?>
<testsuite xmlns:xsi="http://www.w3.org/2001/XMLSchema-instance" xsi:noNamespaceSchemaLocation="https://maven.apache.org/surefire/maven-surefire-plugin/xsd/surefire-test-report-3.0.xsd" version="3.0" name="com.example.consumerservice.unit.EventMongoConsumerTest" time="2.282" tests="1" errors="0" skipped="0" failures="0">
  <properties>
[...]
</properties>
  <testcase name="handleEvent should save the event to repository" classname="com.example.consumerservice.unit.EventMongoConsumerTest" time="0.999">
    <system-out><![CDATA[2025-07-16T20:43:58.968+05:30  INFO 212413 --- [consumer-service] [vice-producer-1] org.apache.kafka.clients.NetworkClient   : [Producer clientId=consumer-service-producer-1] Node 1 disconnected.
2025-07-16T20:43:58.968+05:30  WARN 212413 --- [consumer-service] [vice-producer-1] org.apache.kafka.clients.NetworkClient   : [Producer clientId=consumer-service-producer-1] Connection to node 1 (localhost/127.0.0.1:32822) could not be established. Node may not be available.
2025-07-16T20:43:59.061+05:30  INFO 212413 --- [consumer-service] [ntainer#0-0-C-1] org.apache.kafka.clients.NetworkClient   : [Consumer clientId=consumer-consumer-group-1, groupId=consumer-group] Node 1 disconnected.
2025-07-16T20:43:59.062+05:30  WARN 212413 --- [consumer-service] [ntainer#0-0-C-1] org.apache.kafka.clients.NetworkClient   : [Consumer clientId=consumer-consumer-group-1, groupId=consumer-group] Connection to node 1 (localhost/127.0.0.1:32822) could not be established. Node may not be available.
2025-07-16T20:43:59.450+05:30  INFO 212413 --- [consumer-service] [vice-producer-1] org.apache.kafka.clients.NetworkClient   : [Producer clientId=consumer-service-producer-1] Node 1 disconnected.
2025-07-16T20:43:59.457+05:30  WARN 212413 --- [consumer-service] [vice-producer-1] org.apache.kafka.clients.NetworkClient   : [Producer clientId=consumer-service-producer-1] Connection to node 1 (localhost/127.0.0.1:32822) could not be established. Node may not be available.
2025-07-16T20:43:59.536+05:30  INFO 212413 --- [consumer-service] [ntainer#0-0-C-1] org.apache.kafka.clients.NetworkClient   : [Consumer clientId=consumer-consumer-group-1, groupId=consumer-group] Node 1 disconnected.
2025-07-16T20:43:59.537+05:30  WARN 212413 --- [consumer-service] [ntainer#0-0-C-1] org.apache.kafka.clients.NetworkClient   : [Consumer clientId=consumer-consumer-group-1, groupId=consumer-group] Connection to node 1 (localhost/127.0.0.1:32822) could not be established. Node may not be available.
2025-07-16T20:44:00.132+05:30  INFO 212413 --- [consumer-service] [vice-producer-1] org.apache.kafka.clients.NetworkClient   : [Producer clientId=consumer-service-producer-1] Node 1 disconnected.
2025-07-16T20:44:00.133+05:30  WARN 212413 --- [consumer-service] [vice-producer-1] org.apache.kafka.clients.NetworkClient   : [Producer clientId=consumer-service-producer-1] Connection to node 1 (localhost/127.0.0.1:32822) could not be established. Node may not be available.
2025-07-16T20:44:00.402+05:30  INFO 212413 --- [consumer-service] [ntainer#0-0-C-1] org.apache.kafka.clients.NetworkClient   : [Consumer clientId=consumer-consumer-group-1, groupId=consumer-group] Node 1 disconnected.
2025-07-16T20:44:00.403+05:30  WARN 212413 --- [consumer-service] [ntainer#0-0-C-1] org.apache.kafka.clients.NetworkClient   : [Consumer clientId=consumer-consumer-group-1, groupId=consumer-group] Connection to node 1 (localhost/127.0.0.1:32822) could not be established. Node may not be available.
2025-07-16T20:44:00.948+05:30  INFO 212413 --- [consumer-service] [vice-producer-1] org.apache.kafka.clients.NetworkClient   : [Producer clientId=consumer-service-producer-1] Node 1 disconnected.
2025-07-16T20:44:00.949+05:30  WARN 212413 --- [consumer-service] [vice-producer-1] org.apache.kafka.clients.NetworkClient   : [Producer clientId=consumer-service-producer-1] Connection to node 1 (localhost/127.0.0.1:32822) could not be established. Node may not be available.
Saving event to MongoDB: DataEventDocument(id=1, content=data, timestamp=1, processed=true, processedBy=proc)
]]></system-out>
  </testcase>
</testsuite>